<?xml version="1.0" encoding="UTF-8"?>
<!-- Generated by org.testng.reporters.JUnitReportReporter -->
<testsuite skipped="0" hostname="KISHOR" name="FormFillPage.Operations" tests="2" failures="0" timestamp="2022-05-28T07:12:31 IST" time="38.903" errors="0">
  <testcase name="PickDropOperations" time="38.121" classname="FormFillPage.Operations"/>
  <system-out/>
  <testcase name="switchWindow" time="0.782" classname="FormFillPage.Operations"/>
  <system-out/>
</testsuite> <!-- FormFillPage.Operations -->
